0 info it worked if it ends with ok
1 verbose cli [ '/usr/local/bin/node',
1 verbose cli   '/usr/local/bin/npm',
1 verbose cli   'install',
1 verbose cli   'zerorpc' ]
2 info using npm@3.8.3
3 info using node@v5.10.1
4 silly loadCurrentTree Starting
5 silly install loadCurrentTree
6 silly install readLocalPackageData
7 silly fetchPackageMetaData zerorpc
8 silly fetchNamedPackageData zerorpc
9 silly mapToRegistry name zerorpc
10 silly mapToRegistry using default registry
11 silly mapToRegistry registry https://registry.npmjs.org/
12 silly mapToRegistry data Result {
12 silly mapToRegistry   raw: 'zerorpc',
12 silly mapToRegistry   scope: null,
12 silly mapToRegistry   name: 'zerorpc',
12 silly mapToRegistry   rawSpec: '',
12 silly mapToRegistry   spec: 'latest',
12 silly mapToRegistry   type: 'tag' }
13 silly mapToRegistry uri https://registry.npmjs.org/zerorpc
14 verbose request uri https://registry.npmjs.org/zerorpc
15 verbose request no auth needed
16 info attempt registry request try #1 at 3:30:40 PM
17 verbose request id 6a5e679402a66f8d
18 verbose etag W/"588fdcc5-8e9e"
19 verbose lastModified Tue, 31 Jan 2017 00:39:33 GMT
20 http request GET https://registry.npmjs.org/zerorpc
21 http 304 https://registry.npmjs.org/zerorpc
22 verbose headers { date: 'Wed, 19 Apr 2017 13:30:41 GMT',
22 verbose headers   via: '1.1 varnish',
22 verbose headers   'cache-control': 'max-age=300',
22 verbose headers   etag: 'W/"588fdcc5-8e9e"',
22 verbose headers   age: '0',
22 verbose headers   connection: 'keep-alive',
22 verbose headers   'x-served-by': 'cache-bma7034-BMA',
22 verbose headers   'x-cache': 'MISS',
22 verbose headers   'x-cache-hits': '0',
22 verbose headers   'x-timer': 'S1492608641.213406,VS0,VE24',
22 verbose headers   vary: 'Accept-Encoding' }
23 silly get cb [ 304,
23 silly get   { date: 'Wed, 19 Apr 2017 13:30:41 GMT',
23 silly get     via: '1.1 varnish',
23 silly get     'cache-control': 'max-age=300',
23 silly get     etag: 'W/"588fdcc5-8e9e"',
23 silly get     age: '0',
23 silly get     connection: 'keep-alive',
23 silly get     'x-served-by': 'cache-bma7034-BMA',
23 silly get     'x-cache': 'MISS',
23 silly get     'x-cache-hits': '0',
23 silly get     'x-timer': 'S1492608641.213406,VS0,VE24',
23 silly get     vary: 'Accept-Encoding' } ]
24 verbose etag https://registry.npmjs.org/zerorpc from cache
25 verbose get saving zerorpc to /Users/andreasbergman/.npm/registry.npmjs.org/zerorpc/.cache.json
26 verbose correctMkdir /Users/andreasbergman/.npm correctMkdir not in flight; initializing
27 silly install normalizeTree
28 silly loadCurrentTree Finishing
29 silly loadIdealTree Starting
30 silly install loadIdealTree
31 silly cloneCurrentTree Starting
32 silly install cloneCurrentTreeToIdealTree
33 silly cloneCurrentTree Finishing
34 silly loadShrinkwrap Starting
35 silly install loadShrinkwrap
36 silly loadShrinkwrap Finishing
37 silly loadAllDepsIntoIdealTree Starting
38 silly install loadAllDepsIntoIdealTree
39 silly resolveWithNewModule zerorpc@0.9.7 checking installable status
40 silly cache add args [ 'zerorpc', null ]
41 verbose cache add spec zerorpc
42 silly cache add parsed spec Result {
42 silly cache add   raw: 'zerorpc',
42 silly cache add   scope: null,
42 silly cache add   name: 'zerorpc',
42 silly cache add   rawSpec: '',
42 silly cache add   spec: 'latest',
42 silly cache add   type: 'tag' }
43 silly addNamed zerorpc@latest
44 verbose addNamed "latest" is being treated as a dist-tag for zerorpc
45 info addNameTag [ 'zerorpc', 'latest' ]
46 silly mapToRegistry name zerorpc
47 silly mapToRegistry using default registry
48 silly mapToRegistry registry https://registry.npmjs.org/
49 silly mapToRegistry data Result {
49 silly mapToRegistry   raw: 'zerorpc',
49 silly mapToRegistry   scope: null,
49 silly mapToRegistry   name: 'zerorpc',
49 silly mapToRegistry   rawSpec: '',
49 silly mapToRegistry   spec: 'latest',
49 silly mapToRegistry   type: 'tag' }
50 silly mapToRegistry uri https://registry.npmjs.org/zerorpc
51 verbose addNameTag registry:https://registry.npmjs.org/zerorpc not in flight; fetching
52 verbose get https://registry.npmjs.org/zerorpc not expired, no request
53 silly addNameTag next cb for zerorpc with tag latest
54 silly addNamed zerorpc@0.9.7
55 verbose addNamed "0.9.7" is a plain semver version for zerorpc
56 silly cache afterAdd zerorpc@0.9.7
57 verbose afterAdd /Users/andreasbergman/.npm/zerorpc/0.9.7/package/package.json not in flight; writing
58 verbose correctMkdir /Users/andreasbergman/.npm correctMkdir not in flight; initializing
59 verbose afterAdd /Users/andreasbergman/.npm/zerorpc/0.9.7/package/package.json written
60 silly fetchNamedPackageData msgpack
61 silly mapToRegistry name msgpack
62 silly mapToRegistry using default registry
63 silly mapToRegistry registry https://registry.npmjs.org/
64 silly mapToRegistry data Result {
64 silly mapToRegistry   raw: 'msgpack',
64 silly mapToRegistry   scope: null,
64 silly mapToRegistry   name: 'msgpack',
64 silly mapToRegistry   rawSpec: '',
64 silly mapToRegistry   spec: 'latest',
64 silly mapToRegistry   type: 'tag' }
65 silly mapToRegistry uri https://registry.npmjs.org/msgpack
66 silly fetchNamedPackageData underscore
67 silly mapToRegistry name underscore
68 silly mapToRegistry using default registry
69 silly mapToRegistry registry https://registry.npmjs.org/
70 silly mapToRegistry data Result {
70 silly mapToRegistry   raw: 'underscore',
70 silly mapToRegistry   scope: null,
70 silly mapToRegistry   name: 'underscore',
70 silly mapToRegistry   rawSpec: '',
70 silly mapToRegistry   spec: 'latest',
70 silly mapToRegistry   type: 'tag' }
71 silly mapToRegistry uri https://registry.npmjs.org/underscore
72 silly fetchNamedPackageData uuid
73 silly mapToRegistry name uuid
74 silly mapToRegistry using default registry
75 silly mapToRegistry registry https://registry.npmjs.org/
76 silly mapToRegistry data Result {
76 silly mapToRegistry   raw: 'uuid',
76 silly mapToRegistry   scope: null,
76 silly mapToRegistry   name: 'uuid',
76 silly mapToRegistry   rawSpec: '',
76 silly mapToRegistry   spec: 'latest',
76 silly mapToRegistry   type: 'tag' }
77 silly mapToRegistry uri https://registry.npmjs.org/uuid
78 verbose request uri https://registry.npmjs.org/msgpack
79 verbose request no auth needed
80 info attempt registry request try #1 at 3:30:41 PM
81 verbose etag W/"58071b2d-a1f6"
82 verbose lastModified Wed, 19 Oct 2016 07:05:17 GMT
83 http request GET https://registry.npmjs.org/msgpack
84 verbose request uri https://registry.npmjs.org/uuid
85 verbose request no auth needed
86 info attempt registry request try #1 at 3:30:41 PM
87 verbose etag W/"58de7a11-577e"
88 verbose lastModified Fri, 31 Mar 2017 15:47:29 GMT
89 http request GET https://registry.npmjs.org/uuid
90 verbose request uri https://registry.npmjs.org/underscore
91 verbose request no auth needed
92 info attempt registry request try #1 at 3:30:41 PM
93 verbose etag W/"58df8331-acca"
94 verbose lastModified Sat, 01 Apr 2017 10:38:41 GMT
95 http request GET https://registry.npmjs.org/underscore
96 http 304 https://registry.npmjs.org/msgpack
97 verbose headers { date: 'Wed, 19 Apr 2017 13:30:41 GMT',
97 verbose headers   via: '1.1 varnish',
97 verbose headers   'cache-control': 'max-age=300',
97 verbose headers   etag: 'W/"58071b2d-a1f6"',
97 verbose headers   age: '0',
97 verbose headers   connection: 'keep-alive',
97 verbose headers   'x-served-by': 'cache-bma7034-BMA',
97 verbose headers   'x-cache': 'MISS',
97 verbose headers   'x-cache-hits': '0',
97 verbose headers   'x-timer': 'S1492608641.395630,VS0,VE22',
97 verbose headers   vary: 'Accept-Encoding' }
98 silly get cb [ 304,
98 silly get   { date: 'Wed, 19 Apr 2017 13:30:41 GMT',
98 silly get     via: '1.1 varnish',
98 silly get     'cache-control': 'max-age=300',
98 silly get     etag: 'W/"58071b2d-a1f6"',
98 silly get     age: '0',
98 silly get     connection: 'keep-alive',
98 silly get     'x-served-by': 'cache-bma7034-BMA',
98 silly get     'x-cache': 'MISS',
98 silly get     'x-cache-hits': '0',
98 silly get     'x-timer': 'S1492608641.395630,VS0,VE22',
98 silly get     vary: 'Accept-Encoding' } ]
99 verbose etag https://registry.npmjs.org/msgpack from cache
100 verbose get saving msgpack to /Users/andreasbergman/.npm/registry.npmjs.org/msgpack/.cache.json
101 verbose correctMkdir /Users/andreasbergman/.npm correctMkdir not in flight; initializing
102 silly resolveWithNewModule msgpack@1.0.2 checking installable status
103 silly cache add args [ 'msgpack@1.0.2', null ]
104 verbose cache add spec msgpack@1.0.2
105 silly cache add parsed spec Result {
105 silly cache add   raw: 'msgpack@1.0.2',
105 silly cache add   scope: null,
105 silly cache add   name: 'msgpack',
105 silly cache add   rawSpec: '1.0.2',
105 silly cache add   spec: '1.0.2',
105 silly cache add   type: 'version' }
106 silly addNamed msgpack@1.0.2
107 verbose addNamed "1.0.2" is a plain semver version for msgpack
108 silly mapToRegistry name msgpack
109 silly mapToRegistry using default registry
110 silly mapToRegistry registry https://registry.npmjs.org/
111 silly mapToRegistry data Result {
111 silly mapToRegistry   raw: 'msgpack',
111 silly mapToRegistry   scope: null,
111 silly mapToRegistry   name: 'msgpack',
111 silly mapToRegistry   rawSpec: '',
111 silly mapToRegistry   spec: 'latest',
111 silly mapToRegistry   type: 'tag' }
112 silly mapToRegistry uri https://registry.npmjs.org/msgpack
113 verbose addNameVersion registry:https://registry.npmjs.org/msgpack not in flight; fetching
114 verbose get https://registry.npmjs.org/msgpack not expired, no request
115 silly cache afterAdd msgpack@1.0.2
116 verbose afterAdd /Users/andreasbergman/.npm/msgpack/1.0.2/package/package.json not in flight; writing
117 verbose correctMkdir /Users/andreasbergman/.npm correctMkdir not in flight; initializing
118 verbose afterAdd /Users/andreasbergman/.npm/msgpack/1.0.2/package/package.json written
119 http 200 https://registry.npmjs.org/uuid
120 verbose headers { server: 'nginx/1.10.1',
120 verbose headers   'content-type': 'application/json',
120 verbose headers   'last-modified': 'Mon, 17 Apr 2017 00:50:15 GMT',
120 verbose headers   etag: 'W/"58f41147-57d1"',
120 verbose headers   'content-encoding': 'gzip',
120 verbose headers   'cache-control': 'max-age=300',
120 verbose headers   'content-length': '5706',
120 verbose headers   'accept-ranges': 'bytes',
120 verbose headers   date: 'Wed, 19 Apr 2017 13:30:41 GMT',
120 verbose headers   via: '1.1 varnish',
120 verbose headers   age: '270',
120 verbose headers   connection: 'keep-alive',
120 verbose headers   'x-served-by': 'cache-bma7031-BMA',
120 verbose headers   'x-cache': 'HIT',
120 verbose headers   'x-cache-hits': '21',
120 verbose headers   'x-timer': 'S1492608641.442888,VS0,VE0',
120 verbose headers   vary: 'Accept-Encoding' }
121 silly get cb [ 200,
121 silly get   { server: 'nginx/1.10.1',
121 silly get     'content-type': 'application/json',
121 silly get     'last-modified': 'Mon, 17 Apr 2017 00:50:15 GMT',
121 silly get     etag: 'W/"58f41147-57d1"',
121 silly get     'content-encoding': 'gzip',
121 silly get     'cache-control': 'max-age=300',
121 silly get     'content-length': '5706',
121 silly get     'accept-ranges': 'bytes',
121 silly get     date: 'Wed, 19 Apr 2017 13:30:41 GMT',
121 silly get     via: '1.1 varnish',
121 silly get     age: '270',
121 silly get     connection: 'keep-alive',
121 silly get     'x-served-by': 'cache-bma7031-BMA',
121 silly get     'x-cache': 'HIT',
121 silly get     'x-cache-hits': '21',
121 silly get     'x-timer': 'S1492608641.442888,VS0,VE0',
121 silly get     vary: 'Accept-Encoding' } ]
122 verbose get saving uuid to /Users/andreasbergman/.npm/registry.npmjs.org/uuid/.cache.json
123 verbose correctMkdir /Users/andreasbergman/.npm correctMkdir not in flight; initializing
124 http 200 https://registry.npmjs.org/underscore
125 verbose headers { server: 'nginx/1.10.1',
125 verbose headers   'content-type': 'application/json',
125 verbose headers   'last-modified': 'Tue, 18 Apr 2017 09:58:13 GMT',
125 verbose headers   etag: 'W/"58f5e335-ad13"',
125 verbose headers   'content-encoding': 'gzip',
125 verbose headers   'cache-control': 'max-age=300',
125 verbose headers   'content-length': '7336',
125 verbose headers   'accept-ranges': 'bytes',
125 verbose headers   date: 'Wed, 19 Apr 2017 13:30:41 GMT',
125 verbose headers   via: '1.1 varnish',
125 verbose headers   age: '142',
125 verbose headers   connection: 'keep-alive',
125 verbose headers   'x-served-by': 'cache-bma7029-BMA',
125 verbose headers   'x-cache': 'HIT',
125 verbose headers   'x-cache-hits': '6',
125 verbose headers   'x-timer': 'S1492608641.442956,VS0,VE0',
125 verbose headers   vary: 'Accept-Encoding' }
126 silly get cb [ 200,
126 silly get   { server: 'nginx/1.10.1',
126 silly get     'content-type': 'application/json',
126 silly get     'last-modified': 'Tue, 18 Apr 2017 09:58:13 GMT',
126 silly get     etag: 'W/"58f5e335-ad13"',
126 silly get     'content-encoding': 'gzip',
126 silly get     'cache-control': 'max-age=300',
126 silly get     'content-length': '7336',
126 silly get     'accept-ranges': 'bytes',
126 silly get     date: 'Wed, 19 Apr 2017 13:30:41 GMT',
126 silly get     via: '1.1 varnish',
126 silly get     age: '142',
126 silly get     connection: 'keep-alive',
126 silly get     'x-served-by': 'cache-bma7029-BMA',
126 silly get     'x-cache': 'HIT',
126 silly get     'x-cache-hits': '6',
126 silly get     'x-timer': 'S1492608641.442956,VS0,VE0',
126 silly get     vary: 'Accept-Encoding' } ]
127 verbose get saving underscore to /Users/andreasbergman/.npm/registry.npmjs.org/underscore/.cache.json
128 verbose correctMkdir /Users/andreasbergman/.npm correctMkdir not in flight; initializing
129 silly resolveWithNewModule uuid@3.0.1 checking installable status
130 silly cache add args [ 'uuid@^3.0.0', null ]
131 verbose cache add spec uuid@^3.0.0
132 silly cache add parsed spec Result {
132 silly cache add   raw: 'uuid@^3.0.0',
132 silly cache add   scope: null,
132 silly cache add   name: 'uuid',
132 silly cache add   rawSpec: '^3.0.0',
132 silly cache add   spec: '>=3.0.0 <4.0.0',
132 silly cache add   type: 'range' }
133 silly addNamed uuid@>=3.0.0 <4.0.0
134 verbose addNamed ">=3.0.0 <4.0.0" is a valid semver range for uuid
135 silly addNameRange { name: 'uuid', range: '>=3.0.0 <4.0.0', hasData: false }
136 silly mapToRegistry name uuid
137 silly mapToRegistry using default registry
138 silly mapToRegistry registry https://registry.npmjs.org/
139 silly mapToRegistry data Result {
139 silly mapToRegistry   raw: 'uuid',
139 silly mapToRegistry   scope: null,
139 silly mapToRegistry   name: 'uuid',
139 silly mapToRegistry   rawSpec: '',
139 silly mapToRegistry   spec: 'latest',
139 silly mapToRegistry   type: 'tag' }
140 silly mapToRegistry uri https://registry.npmjs.org/uuid
141 verbose addNameRange registry:https://registry.npmjs.org/uuid not in flight; fetching
142 silly resolveWithNewModule underscore@1.3.3 checking installable status
143 silly cache add args [ 'underscore@1.3.3', null ]
144 verbose cache add spec underscore@1.3.3
145 silly cache add parsed spec Result {
145 silly cache add   raw: 'underscore@1.3.3',
145 silly cache add   scope: null,
145 silly cache add   name: 'underscore',
145 silly cache add   rawSpec: '1.3.3',
145 silly cache add   spec: '1.3.3',
145 silly cache add   type: 'version' }
146 silly addNamed underscore@1.3.3
147 verbose addNamed "1.3.3" is a plain semver version for underscore
148 silly mapToRegistry name underscore
149 silly mapToRegistry using default registry
150 silly mapToRegistry registry https://registry.npmjs.org/
151 silly mapToRegistry data Result {
151 silly mapToRegistry   raw: 'underscore',
151 silly mapToRegistry   scope: null,
151 silly mapToRegistry   name: 'underscore',
151 silly mapToRegistry   rawSpec: '',
151 silly mapToRegistry   spec: 'latest',
151 silly mapToRegistry   type: 'tag' }
152 silly mapToRegistry uri https://registry.npmjs.org/underscore
153 verbose addNameVersion registry:https://registry.npmjs.org/underscore not in flight; fetching
154 verbose get https://registry.npmjs.org/underscore not expired, no request
155 verbose get https://registry.npmjs.org/uuid not expired, no request
156 silly addNameRange number 2 { name: 'uuid', range: '>=3.0.0 <4.0.0', hasData: true }
157 silly addNameRange versions [ 'uuid',
157 silly addNameRange   [ '0.0.1',
157 silly addNameRange     '0.0.2',
157 silly addNameRange     '1.4.0',
157 silly addNameRange     '1.4.1',
157 silly addNameRange     '1.4.2',
157 silly addNameRange     '2.0.0',
157 silly addNameRange     '2.0.1',
157 silly addNameRange     '2.0.2',
157 silly addNameRange     '2.0.3',
157 silly addNameRange     '3.0.0',
157 silly addNameRange     '3.0.1' ] ]
158 silly addNamed uuid@3.0.1
159 verbose addNamed "3.0.1" is a plain semver version for uuid
160 silly cache afterAdd underscore@1.3.3
161 verbose afterAdd /Users/andreasbergman/.npm/underscore/1.3.3/package/package.json not in flight; writing
162 verbose correctMkdir /Users/andreasbergman/.npm correctMkdir not in flight; initializing
163 silly cache afterAdd uuid@3.0.1
164 verbose afterAdd /Users/andreasbergman/.npm/uuid/3.0.1/package/package.json not in flight; writing
165 verbose correctMkdir /Users/andreasbergman/.npm correctMkdir not in flight; initializing
166 verbose afterAdd /Users/andreasbergman/.npm/underscore/1.3.3/package/package.json written
167 verbose afterAdd /Users/andreasbergman/.npm/uuid/3.0.1/package/package.json written
168 silly loadAllDepsIntoIdealTree Finishing
169 silly idealTree:prePrune SLSE-server@1.0.0
169 silly idealTree:prePrune ├── @types/core-js@0.9.41
169 silly idealTree:prePrune ├── accepts@1.3.3
169 silly idealTree:prePrune ├── array-flatten@1.1.1
169 silly idealTree:prePrune ├── bignumber.js@3.1.2
169 silly idealTree:prePrune ├── bindings@1.2.1
169 silly idealTree:prePrune ├── bluebird@3.5.0
169 silly idealTree:prePrune ├── body-parser@1.17.1
169 silly idealTree:prePrune ├── bytes@2.4.0
169 silly idealTree:prePrune ├── canvas@1.6.5
169 silly idealTree:prePrune ├── content-disposition@0.5.2
169 silly idealTree:prePrune ├── content-type@1.0.2
169 silly idealTree:prePrune ├── cookie-signature@1.0.6
169 silly idealTree:prePrune ├── cookie@0.3.1
169 silly idealTree:prePrune ├── core-util-is@1.0.2
169 silly idealTree:prePrune ├── css-font-size-keywords@1.0.0
169 silly idealTree:prePrune ├── css-font-stretch-keywords@1.0.1
169 silly idealTree:prePrune ├── css-font-style-keywords@1.0.1
169 silly idealTree:prePrune ├── css-font-weight-keywords@1.0.0
169 silly idealTree:prePrune ├── css-global-keywords@1.0.1
169 silly idealTree:prePrune ├── css-list-helpers@1.0.1
169 silly idealTree:prePrune ├── css-system-font-keywords@1.0.0
169 silly idealTree:prePrune ├── d3-cloud@1.2.4
169 silly idealTree:prePrune ├── d3-dispatch@1.0.3
169 silly idealTree:prePrune ├── debug@2.6.1
169 silly idealTree:prePrune ├── depd@1.1.0
169 silly idealTree:prePrune ├── destroy@1.0.4
169 silly idealTree:prePrune ├── ee-first@1.1.1
169 silly idealTree:prePrune ├── ejs@2.5.6
169 silly idealTree:prePrune ├── encodeurl@1.0.1
169 silly idealTree:prePrune ├── escape-html@1.0.3
169 silly idealTree:prePrune ├── etag@1.8.0
169 silly idealTree:prePrune ├── express@4.15.2
169 silly idealTree:prePrune ├─┬ finalhandler@1.0.1
169 silly idealTree:prePrune │ └── debug@2.6.3
169 silly idealTree:prePrune ├── forwarded@0.1.0
169 silly idealTree:prePrune ├── fresh@0.5.0
169 silly idealTree:prePrune ├── fs@0.0.1-security
169 silly idealTree:prePrune ├── growly@1.3.0
169 silly idealTree:prePrune ├── http-errors@1.6.1
169 silly idealTree:prePrune ├── https@1.0.0
169 silly idealTree:prePrune ├── iconv-lite@0.4.15
169 silly idealTree:prePrune ├── inherits@2.0.3
169 silly idealTree:prePrune ├── ipaddr.js@1.3.0
169 silly idealTree:prePrune ├── isarray@0.0.1
169 silly idealTree:prePrune ├── isexe@2.0.0
169 silly idealTree:prePrune ├── isnumeric@0.2.0
169 silly idealTree:prePrune ├── media-typer@0.3.0
169 silly idealTree:prePrune ├── merge-descriptors@1.0.1
169 silly idealTree:prePrune ├── methods@1.1.2
169 silly idealTree:prePrune ├── mime-db@1.27.0
169 silly idealTree:prePrune ├── mime-types@2.1.15
169 silly idealTree:prePrune ├── mime@1.3.4
169 silly idealTree:prePrune ├── ms@0.7.2
169 silly idealTree:prePrune ├── msgpack@1.0.2
169 silly idealTree:prePrune ├── mysql@2.13.0
169 silly idealTree:prePrune ├── nan@2.6.2
169 silly idealTree:prePrune ├── negotiator@0.6.1
169 silly idealTree:prePrune ├── node-notifier@5.1.2
169 silly idealTree:prePrune ├── on-finished@2.3.0
169 silly idealTree:prePrune ├── parse-css-font@2.0.2
169 silly idealTree:prePrune ├── parseurl@1.3.1
169 silly idealTree:prePrune ├── path-to-regexp@0.1.7
169 silly idealTree:prePrune ├── promise-mysql@3.0.1
169 silly idealTree:prePrune ├── proxy-addr@1.1.4
169 silly idealTree:prePrune ├── python-shell@0.4.0
169 silly idealTree:prePrune ├── qs@6.4.0
169 silly idealTree:prePrune ├── range-parser@1.2.0
169 silly idealTree:prePrune ├── raw-body@2.2.0
169 silly idealTree:prePrune ├── readable-stream@1.1.14
169 silly idealTree:prePrune ├── semver@5.3.0
169 silly idealTree:prePrune ├── send@0.15.1
169 silly idealTree:prePrune ├── serve-static@1.12.1
169 silly idealTree:prePrune ├── setprototypeof@1.0.3
169 silly idealTree:prePrune ├── shellwords@0.1.0
169 silly idealTree:prePrune ├── sqlstring@2.2.0
169 silly idealTree:prePrune ├── statuses@1.3.1
169 silly idealTree:prePrune ├── string_decoder@0.10.31
169 silly idealTree:prePrune ├── tcomb@2.7.0
169 silly idealTree:prePrune ├── type-is@1.6.15
169 silly idealTree:prePrune ├── underscore@1.3.3
169 silly idealTree:prePrune ├── units-css@0.4.0
169 silly idealTree:prePrune ├── unpipe@1.0.0
169 silly idealTree:prePrune ├── unquote@1.1.0
169 silly idealTree:prePrune ├── utils-merge@1.0.0
169 silly idealTree:prePrune ├── uuid@3.0.1
169 silly idealTree:prePrune ├── vary@1.1.1
169 silly idealTree:prePrune ├── viewport-dimensions@0.2.0
169 silly idealTree:prePrune ├── which@1.2.14
169 silly idealTree:prePrune ├── zerorpc@0.9.7
169 silly idealTree:prePrune └─┬ zmq@2.15.3
169 silly idealTree:prePrune   └── nan@2.3.5
170 silly loadIdealTree Finishing
171 silly currentTree SLSE-server@1.0.0
171 silly currentTree ├── @types/core-js@0.9.41
171 silly currentTree ├── accepts@1.3.3
171 silly currentTree ├── array-flatten@1.1.1
171 silly currentTree ├── bignumber.js@3.1.2
171 silly currentTree ├── bindings@1.2.1
171 silly currentTree ├── bluebird@3.5.0
171 silly currentTree ├── body-parser@1.17.1
171 silly currentTree ├── bytes@2.4.0
171 silly currentTree ├── canvas@1.6.5
171 silly currentTree ├── content-disposition@0.5.2
171 silly currentTree ├── content-type@1.0.2
171 silly currentTree ├── cookie-signature@1.0.6
171 silly currentTree ├── cookie@0.3.1
171 silly currentTree ├── core-util-is@1.0.2
171 silly currentTree ├── css-font-size-keywords@1.0.0
171 silly currentTree ├── css-font-stretch-keywords@1.0.1
171 silly currentTree ├── css-font-style-keywords@1.0.1
171 silly currentTree ├── css-font-weight-keywords@1.0.0
171 silly currentTree ├── css-global-keywords@1.0.1
171 silly currentTree ├── css-list-helpers@1.0.1
171 silly currentTree ├── css-system-font-keywords@1.0.0
171 silly currentTree ├── d3-cloud@1.2.4
171 silly currentTree ├── d3-dispatch@1.0.3
171 silly currentTree ├── debug@2.6.1
171 silly currentTree ├── depd@1.1.0
171 silly currentTree ├── destroy@1.0.4
171 silly currentTree ├── ee-first@1.1.1
171 silly currentTree ├── ejs@2.5.6
171 silly currentTree ├── encodeurl@1.0.1
171 silly currentTree ├── escape-html@1.0.3
171 silly currentTree ├── etag@1.8.0
171 silly currentTree ├── express@4.15.2
171 silly currentTree ├─┬ finalhandler@1.0.1
171 silly currentTree │ └── debug@2.6.3
171 silly currentTree ├── forwarded@0.1.0
171 silly currentTree ├── fresh@0.5.0
171 silly currentTree ├── fs@0.0.1-security
171 silly currentTree ├── growly@1.3.0
171 silly currentTree ├── http-errors@1.6.1
171 silly currentTree ├── https@1.0.0
171 silly currentTree ├── iconv-lite@0.4.15
171 silly currentTree ├── inherits@2.0.3
171 silly currentTree ├── ipaddr.js@1.3.0
171 silly currentTree ├── isarray@0.0.1
171 silly currentTree ├── isexe@2.0.0
171 silly currentTree ├── isnumeric@0.2.0
171 silly currentTree ├── media-typer@0.3.0
171 silly currentTree ├── merge-descriptors@1.0.1
171 silly currentTree ├── methods@1.1.2
171 silly currentTree ├── mime-db@1.27.0
171 silly currentTree ├── mime-types@2.1.15
171 silly currentTree ├── mime@1.3.4
171 silly currentTree ├── ms@0.7.2
171 silly currentTree ├── msgpack@1.0.2
171 silly currentTree ├── mysql@2.13.0
171 silly currentTree ├── nan@2.6.2
171 silly currentTree ├── negotiator@0.6.1
171 silly currentTree ├── node-notifier@5.1.2
171 silly currentTree ├── on-finished@2.3.0
171 silly currentTree ├── parse-css-font@2.0.2
171 silly currentTree ├── parseurl@1.3.1
171 silly currentTree ├── path-to-regexp@0.1.7
171 silly currentTree ├── promise-mysql@3.0.1
171 silly currentTree ├── proxy-addr@1.1.4
171 silly currentTree ├── python-shell@0.4.0
171 silly currentTree ├── qs@6.4.0
171 silly currentTree ├── range-parser@1.2.0
171 silly currentTree ├── raw-body@2.2.0
171 silly currentTree ├── readable-stream@1.1.14
171 silly currentTree ├── semver@5.3.0
171 silly currentTree ├── send@0.15.1
171 silly currentTree ├── serve-static@1.12.1
171 silly currentTree ├── setprototypeof@1.0.3
171 silly currentTree ├── shellwords@0.1.0
171 silly currentTree ├── sqlstring@2.2.0
171 silly currentTree ├── statuses@1.3.1
171 silly currentTree ├── string_decoder@0.10.31
171 silly currentTree ├── tcomb@2.7.0
171 silly currentTree ├── type-is@1.6.15
171 silly currentTree ├── underscore@1.3.3
171 silly currentTree ├── units-css@0.4.0
171 silly currentTree ├── unpipe@1.0.0
171 silly currentTree ├── unquote@1.1.0
171 silly currentTree ├── utils-merge@1.0.0
171 silly currentTree ├── uuid@3.0.1
171 silly currentTree ├── vary@1.1.1
171 silly currentTree ├── viewport-dimensions@0.2.0
171 silly currentTree ├── which@1.2.14
171 silly currentTree ├── zerorpc@0.9.7
171 silly currentTree └─┬ zmq@2.15.3
171 silly currentTree   └── nan@2.3.5
172 silly idealTree SLSE-server@1.0.0
172 silly idealTree ├── @types/core-js@0.9.41
172 silly idealTree ├── accepts@1.3.3
172 silly idealTree ├── array-flatten@1.1.1
172 silly idealTree ├── bignumber.js@3.1.2
172 silly idealTree ├── bindings@1.2.1
172 silly idealTree ├── bluebird@3.5.0
172 silly idealTree ├── body-parser@1.17.1
172 silly idealTree ├── bytes@2.4.0
172 silly idealTree ├── canvas@1.6.5
172 silly idealTree ├── content-disposition@0.5.2
172 silly idealTree ├── content-type@1.0.2
172 silly idealTree ├── cookie-signature@1.0.6
172 silly idealTree ├── cookie@0.3.1
172 silly idealTree ├── core-util-is@1.0.2
172 silly idealTree ├── css-font-size-keywords@1.0.0
172 silly idealTree ├── css-font-stretch-keywords@1.0.1
172 silly idealTree ├── css-font-style-keywords@1.0.1
172 silly idealTree ├── css-font-weight-keywords@1.0.0
172 silly idealTree ├── css-global-keywords@1.0.1
172 silly idealTree ├── css-list-helpers@1.0.1
172 silly idealTree ├── css-system-font-keywords@1.0.0
172 silly idealTree ├── d3-cloud@1.2.4
172 silly idealTree ├── d3-dispatch@1.0.3
172 silly idealTree ├── debug@2.6.1
172 silly idealTree ├── depd@1.1.0
172 silly idealTree ├── destroy@1.0.4
172 silly idealTree ├── ee-first@1.1.1
172 silly idealTree ├── ejs@2.5.6
172 silly idealTree ├── encodeurl@1.0.1
172 silly idealTree ├── escape-html@1.0.3
172 silly idealTree ├── etag@1.8.0
172 silly idealTree ├── express@4.15.2
172 silly idealTree ├─┬ finalhandler@1.0.1
172 silly idealTree │ └── debug@2.6.3
172 silly idealTree ├── forwarded@0.1.0
172 silly idealTree ├── fresh@0.5.0
172 silly idealTree ├── fs@0.0.1-security
172 silly idealTree ├── growly@1.3.0
172 silly idealTree ├── http-errors@1.6.1
172 silly idealTree ├── https@1.0.0
172 silly idealTree ├── iconv-lite@0.4.15
172 silly idealTree ├── inherits@2.0.3
172 silly idealTree ├── ipaddr.js@1.3.0
172 silly idealTree ├── isarray@0.0.1
172 silly idealTree ├── isexe@2.0.0
172 silly idealTree ├── isnumeric@0.2.0
172 silly idealTree ├── media-typer@0.3.0
172 silly idealTree ├── merge-descriptors@1.0.1
172 silly idealTree ├── methods@1.1.2
172 silly idealTree ├── mime-db@1.27.0
172 silly idealTree ├── mime-types@2.1.15
172 silly idealTree ├── mime@1.3.4
172 silly idealTree ├── ms@0.7.2
172 silly idealTree ├── msgpack@1.0.2
172 silly idealTree ├── mysql@2.13.0
172 silly idealTree ├── nan@2.6.2
172 silly idealTree ├── negotiator@0.6.1
172 silly idealTree ├── node-notifier@5.1.2
172 silly idealTree ├── on-finished@2.3.0
172 silly idealTree ├── parse-css-font@2.0.2
172 silly idealTree ├── parseurl@1.3.1
172 silly idealTree ├── path-to-regexp@0.1.7
172 silly idealTree ├── promise-mysql@3.0.1
172 silly idealTree ├── proxy-addr@1.1.4
172 silly idealTree ├── python-shell@0.4.0
172 silly idealTree ├── qs@6.4.0
172 silly idealTree ├── range-parser@1.2.0
172 silly idealTree ├── raw-body@2.2.0
172 silly idealTree ├── readable-stream@1.1.14
172 silly idealTree ├── semver@5.3.0
172 silly idealTree ├── send@0.15.1
172 silly idealTree ├── serve-static@1.12.1
172 silly idealTree ├── setprototypeof@1.0.3
172 silly idealTree ├── shellwords@0.1.0
172 silly idealTree ├── sqlstring@2.2.0
172 silly idealTree ├── statuses@1.3.1
172 silly idealTree ├── string_decoder@0.10.31
172 silly idealTree ├── tcomb@2.7.0
172 silly idealTree ├── type-is@1.6.15
172 silly idealTree ├── underscore@1.3.3
172 silly idealTree ├── units-css@0.4.0
172 silly idealTree ├── unpipe@1.0.0
172 silly idealTree ├── unquote@1.1.0
172 silly idealTree ├── utils-merge@1.0.0
172 silly idealTree ├── uuid@3.0.1
172 silly idealTree ├── vary@1.1.1
172 silly idealTree ├── viewport-dimensions@0.2.0
172 silly idealTree ├── which@1.2.14
172 silly idealTree ├── zerorpc@0.9.7
172 silly idealTree └─┬ zmq@2.15.3
172 silly idealTree   └── nan@2.3.5
173 silly generateActionsToTake Starting
174 silly install generateActionsToTake
175 silly generateActionsToTake Finishing
176 silly diffTrees action count 5
177 silly diffTrees update node-notifier@5.1.2
178 silly diffTrees update zmq@2.15.3
179 silly diffTrees update canvas@1.6.5
180 silly diffTrees update d3-cloud@1.2.4
181 silly diffTrees update zerorpc@0.9.7
182 silly decomposeActions action count 40
183 silly decomposeActions fetch node-notifier@5.1.2
184 silly decomposeActions extract node-notifier@5.1.2
185 silly decomposeActions test node-notifier@5.1.2
186 silly decomposeActions preinstall node-notifier@5.1.2
187 silly decomposeActions build node-notifier@5.1.2
188 silly decomposeActions install node-notifier@5.1.2
189 silly decomposeActions postinstall node-notifier@5.1.2
190 silly decomposeActions finalize node-notifier@5.1.2
191 silly decomposeActions fetch zmq@2.15.3
192 silly decomposeActions extract zmq@2.15.3
193 silly decomposeActions test zmq@2.15.3
194 silly decomposeActions preinstall zmq@2.15.3
195 silly decomposeActions build zmq@2.15.3
196 silly decomposeActions install zmq@2.15.3
197 silly decomposeActions postinstall zmq@2.15.3
198 silly decomposeActions finalize zmq@2.15.3
199 silly decomposeActions fetch canvas@1.6.5
200 silly decomposeActions extract canvas@1.6.5
201 silly decomposeActions test canvas@1.6.5
202 silly decomposeActions preinstall canvas@1.6.5
203 silly decomposeActions build canvas@1.6.5
204 silly decomposeActions install canvas@1.6.5
205 silly decomposeActions postinstall canvas@1.6.5
206 silly decomposeActions finalize canvas@1.6.5
207 silly decomposeActions fetch d3-cloud@1.2.4
208 silly decomposeActions extract d3-cloud@1.2.4
209 silly decomposeActions test d3-cloud@1.2.4
210 silly decomposeActions preinstall d3-cloud@1.2.4
211 silly decomposeActions build d3-cloud@1.2.4
212 silly decomposeActions install d3-cloud@1.2.4
213 silly decomposeActions postinstall d3-cloud@1.2.4
214 silly decomposeActions finalize d3-cloud@1.2.4
215 silly decomposeActions fetch zerorpc@0.9.7
216 silly decomposeActions extract zerorpc@0.9.7
217 silly decomposeActions test zerorpc@0.9.7
218 silly decomposeActions preinstall zerorpc@0.9.7
219 silly decomposeActions build zerorpc@0.9.7
220 silly decomposeActions install zerorpc@0.9.7
221 silly decomposeActions postinstall zerorpc@0.9.7
222 silly decomposeActions finalize zerorpc@0.9.7
223 silly executeActions Starting
224 silly install executeActions
225 silly doSerial global-install 0
226 silly doParallel fetch 5
227 verbose correctMkdir /Users/andreasbergman/.npm/_locks correctMkdir not in flight; initializing
228 verbose lock using /Users/andreasbergman/.npm/_locks/staging-354815785b0033cd.lock for /Users/andreasbergman/Documents/20162017Dataing/Bachelor/SLSE/node_modules/.staging
229 silly doParallel extract 5
230 silly extract node-notifier@5.1.2
231 silly extract zmq@2.15.3
232 silly extract canvas@1.6.5
233 silly extract d3-cloud@1.2.4
234 silly extract zerorpc@0.9.7
235 silly addNamed node-notifier@5.1.2
236 verbose addNamed "5.1.2" is a plain semver version for node-notifier
237 silly mapToRegistry name node-notifier
238 silly mapToRegistry using default registry
239 silly mapToRegistry registry https://registry.npmjs.org/
240 silly mapToRegistry data Result {
240 silly mapToRegistry   raw: 'node-notifier',
240 silly mapToRegistry   scope: null,
240 silly mapToRegistry   name: 'node-notifier',
240 silly mapToRegistry   rawSpec: '',
240 silly mapToRegistry   spec: 'latest',
240 silly mapToRegistry   type: 'tag' }
241 silly mapToRegistry uri https://registry.npmjs.org/node-notifier
242 verbose addNameVersion registry:https://registry.npmjs.org/node-notifier not in flight; fetching
243 silly addNamed canvas@1.6.5
244 verbose addNamed "1.6.5" is a plain semver version for canvas
245 silly mapToRegistry name canvas
246 silly mapToRegistry using default registry
247 silly mapToRegistry registry https://registry.npmjs.org/
248 silly mapToRegistry data Result {
248 silly mapToRegistry   raw: 'canvas',
248 silly mapToRegistry   scope: null,
248 silly mapToRegistry   name: 'canvas',
248 silly mapToRegistry   rawSpec: '',
248 silly mapToRegistry   spec: 'latest',
248 silly mapToRegistry   type: 'tag' }
249 silly mapToRegistry uri https://registry.npmjs.org/canvas
250 verbose addNameVersion registry:https://registry.npmjs.org/canvas not in flight; fetching
251 silly addNamed d3-cloud@1.2.4
252 verbose addNamed "1.2.4" is a plain semver version for d3-cloud
253 silly mapToRegistry name d3-cloud
254 silly mapToRegistry using default registry
255 silly mapToRegistry registry https://registry.npmjs.org/
256 silly mapToRegistry data Result {
256 silly mapToRegistry   raw: 'd3-cloud',
256 silly mapToRegistry   scope: null,
256 silly mapToRegistry   name: 'd3-cloud',
256 silly mapToRegistry   rawSpec: '',
256 silly mapToRegistry   spec: 'latest',
256 silly mapToRegistry   type: 'tag' }
257 silly mapToRegistry uri https://registry.npmjs.org/d3-cloud
258 verbose addNameVersion registry:https://registry.npmjs.org/d3-cloud not in flight; fetching
259 verbose unbuild node_modules/.staging/zerorpc-619f1cc9
260 verbose unbuild node_modules/.staging/zmq-65c877a3
261 silly gentlyRm /Users/andreasbergman/Documents/20162017Dataing/Bachelor/SLSE/node_modules/.staging/zerorpc-619f1cc9 is being purged from base /Users/andreasbergman/Documents/20162017Dataing/Bachelor/SLSE
262 verbose gentlyRm don't care about contents; nuking /Users/andreasbergman/Documents/20162017Dataing/Bachelor/SLSE/node_modules/.staging/zerorpc-619f1cc9
263 verbose request uri https://registry.npmjs.org/node-notifier
264 verbose request no auth needed
265 info attempt registry request try #1 at 3:30:41 PM
266 verbose etag W/"58ecc88d-14544"
267 verbose lastModified Tue, 11 Apr 2017 12:14:05 GMT
268 http request GET https://registry.npmjs.org/node-notifier
269 silly gentlyRm /Users/andreasbergman/Documents/20162017Dataing/Bachelor/SLSE/node_modules/.staging/zmq-65c877a3 is being purged from base /Users/andreasbergman/Documents/20162017Dataing/Bachelor/SLSE
270 verbose gentlyRm don't care about contents; nuking /Users/andreasbergman/Documents/20162017Dataing/Bachelor/SLSE/node_modules/.staging/zmq-65c877a3
271 verbose tar unpack /Users/andreasbergman/.npm/zerorpc/0.9.7/package.tgz
272 verbose tar unpacking to /Users/andreasbergman/Documents/20162017Dataing/Bachelor/SLSE/node_modules/.staging/zerorpc-619f1cc9
273 silly gentlyRm /Users/andreasbergman/Documents/20162017Dataing/Bachelor/SLSE/node_modules/.staging/zerorpc-619f1cc9 is being purged
274 verbose gentlyRm don't care about contents; nuking /Users/andreasbergman/Documents/20162017Dataing/Bachelor/SLSE/node_modules/.staging/zerorpc-619f1cc9
275 verbose tar unpack /Users/andreasbergman/.npm/zmq/2.15.3/package.tgz
276 verbose tar unpacking to /Users/andreasbergman/Documents/20162017Dataing/Bachelor/SLSE/node_modules/.staging/zmq-65c877a3
277 silly gentlyRm /Users/andreasbergman/Documents/20162017Dataing/Bachelor/SLSE/node_modules/.staging/zmq-65c877a3 is being purged
278 verbose gentlyRm don't care about contents; nuking /Users/andreasbergman/Documents/20162017Dataing/Bachelor/SLSE/node_modules/.staging/zmq-65c877a3
279 verbose request uri https://registry.npmjs.org/d3-cloud
280 verbose request no auth needed
281 info attempt registry request try #1 at 3:30:41 PM
282 verbose etag W/"58ed3264-3515"
283 verbose lastModified Tue, 11 Apr 2017 19:45:40 GMT
284 http request GET https://registry.npmjs.org/d3-cloud
285 verbose request uri https://registry.npmjs.org/canvas
286 verbose request no auth needed
287 info attempt registry request try #1 at 3:30:41 PM
288 verbose etag W/"58efd744-1fced"
289 verbose lastModified Thu, 13 Apr 2017 19:53:40 GMT
290 http request GET https://registry.npmjs.org/canvas
291 silly gunzTarPerm modes [ '755', '644' ]
292 silly gunzTarPerm modes [ '755', '644' ]
293 silly gunzTarPerm extractEntry package.json
294 silly gunzTarPerm modified mode [ 'package.json', 436, 420 ]
295 silly gunzTarPerm extractEntry package.json
296 silly gunzTarPerm extractEntry .npmignore
297 silly gunzTarPerm modified mode [ '.npmignore', 436, 420 ]
298 silly gunzTarPerm extractEntry README.md
299 silly gunzTarPerm modified mode [ 'README.md', 436, 420 ]
300 silly gunzTarPerm extractEntry .npmignore
301 silly gunzTarPerm extractEntry README.md
302 http 304 https://registry.npmjs.org/node-notifier
303 verbose headers { date: 'Wed, 19 Apr 2017 13:30:41 GMT',
303 verbose headers   via: '1.1 varnish',
303 verbose headers   'cache-control': 'max-age=300',
303 verbose headers   etag: 'W/"58ecc88d-14544"',
303 verbose headers   age: '215',
303 verbose headers   connection: 'keep-alive',
303 verbose headers   'x-served-by': 'cache-bma7034-BMA',
303 verbose headers   'x-cache': 'HIT',
303 verbose headers   'x-cache-hits': '4',
303 verbose headers   'x-timer': 'S1492608642.679095,VS0,VE0',
303 verbose headers   vary: 'Accept-Encoding' }
304 silly get cb [ 304,
304 silly get   { date: 'Wed, 19 Apr 2017 13:30:41 GMT',
304 silly get     via: '1.1 varnish',
304 silly get     'cache-control': 'max-age=300',
304 silly get     etag: 'W/"58ecc88d-14544"',
304 silly get     age: '215',
304 silly get     connection: 'keep-alive',
304 silly get     'x-served-by': 'cache-bma7034-BMA',
304 silly get     'x-cache': 'HIT',
304 silly get     'x-cache-hits': '4',
304 silly get     'x-timer': 'S1492608642.679095,VS0,VE0',
304 silly get     vary: 'Accept-Encoding' } ]
305 verbose etag https://registry.npmjs.org/node-notifier from cache
306 verbose get saving node-notifier to /Users/andreasbergman/.npm/registry.npmjs.org/node-notifier/.cache.json
307 verbose correctMkdir /Users/andreasbergman/.npm correctMkdir not in flight; initializing
308 silly gunzTarPerm extractEntry LICENSE
309 silly gunzTarPerm modified mode [ 'LICENSE', 436, 420 ]
310 silly gunzTarPerm extractEntry index.js
311 silly gunzTarPerm modified mode [ 'index.js', 436, 420 ]
312 silly gunzTarPerm extractEntry LICENSE
313 silly gunzTarPerm extractEntry index.js
314 silly gunzTarPerm extractEntry binding.gyp
315 http 304 https://registry.npmjs.org/canvas
316 verbose headers { date: 'Wed, 19 Apr 2017 13:30:41 GMT',
316 verbose headers   via: '1.1 varnish',
316 verbose headers   'cache-control': 'max-age=300',
316 verbose headers   etag: 'W/"58efd744-1fced"',
316 verbose headers   age: '14',
316 verbose headers   connection: 'keep-alive',
316 verbose headers   'x-served-by': 'cache-bma7029-BMA',
316 verbose headers   'x-cache': 'HIT',
316 verbose headers   'x-cache-hits': '1',
316 verbose headers   'x-timer': 'S1492608642.686154,VS0,VE1',
316 verbose headers   vary: 'Accept-Encoding' }
317 silly get cb [ 304,
317 silly get   { date: 'Wed, 19 Apr 2017 13:30:41 GMT',
317 silly get     via: '1.1 varnish',
317 silly get     'cache-control': 'max-age=300',
317 silly get     etag: 'W/"58efd744-1fced"',
317 silly get     age: '14',
317 silly get     connection: 'keep-alive',
317 silly get     'x-served-by': 'cache-bma7029-BMA',
317 silly get     'x-cache': 'HIT',
317 silly get     'x-cache-hits': '1',
317 silly get     'x-timer': 'S1492608642.686154,VS0,VE1',
317 silly get     vary: 'Accept-Encoding' } ]
318 verbose etag https://registry.npmjs.org/canvas from cache
319 verbose get saving canvas to /Users/andreasbergman/.npm/registry.npmjs.org/canvas/.cache.json
320 verbose correctMkdir /Users/andreasbergman/.npm correctMkdir not in flight; initializing
321 silly gunzTarPerm extractEntry .travis.yml
322 silly gunzTarPerm modified mode [ '.travis.yml', 436, 420 ]
323 silly gunzTarPerm extractEntry lib/buffer.js
324 silly gunzTarPerm modified mode [ 'lib/buffer.js', 384, 420 ]
325 silly gunzTarPerm extractEntry Makefile
326 silly mapToRegistry name node-notifier
327 silly mapToRegistry using default registry
328 silly mapToRegistry registry https://registry.npmjs.org/
329 silly mapToRegistry data Result {
329 silly mapToRegistry   raw: 'node-notifier',
329 silly mapToRegistry   scope: null,
329 silly mapToRegistry   name: 'node-notifier',
329 silly mapToRegistry   rawSpec: '',
329 silly mapToRegistry   spec: 'latest',
329 silly mapToRegistry   type: 'tag' }
330 silly mapToRegistry uri https://registry.npmjs.org/node-notifier
331 verbose addRemoteTarball https://registry.npmjs.org/node-notifier/-/node-notifier-5.1.2.tgz not in flight; adding
332 verbose addRemoteTarball [ 'https://registry.npmjs.org/node-notifier/-/node-notifier-5.1.2.tgz',
332 verbose addRemoteTarball   '2fa9e12605fa10009d44549d6fcd8a63dde0e4ff' ]
333 silly gunzTarPerm extractEntry .travis.yml
334 silly gunzTarPerm extractEntry appveyor.yml
335 info retry fetch attempt 1 at 3:30:41 PM
336 info attempt registry request try #1 at 3:30:41 PM
337 http fetch GET https://registry.npmjs.org/node-notifier/-/node-notifier-5.1.2.tgz
338 silly gunzTarPerm extractEntry lib/channel.js
339 silly gunzTarPerm modified mode [ 'lib/channel.js', 384, 420 ]
340 silly gunzTarPerm extractEntry lib/client.js
341 silly gunzTarPerm modified mode [ 'lib/client.js', 436, 420 ]
342 silly gunzTarPerm extractEntry lib/events.js
343 silly gunzTarPerm modified mode [ 'lib/events.js', 436, 420 ]
344 silly gunzTarPerm extractEntry lib/middleware.js
345 silly gunzTarPerm modified mode [ 'lib/middleware.js', 384, 420 ]
346 silly gunzTarPerm extractEntry lib/server.js
347 silly gunzTarPerm modified mode [ 'lib/server.js', 436, 420 ]
348 silly gunzTarPerm extractEntry lib/socket.js
349 silly gunzTarPerm modified mode [ 'lib/socket.js', 384, 420 ]
350 silly gunzTarPerm extractEntry lib/util.js
351 silly gunzTarPerm modified mode [ 'lib/util.js', 384, 420 ]
352 silly gunzTarPerm extractEntry test/buffers.js
353 silly gunzTarPerm modified mode [ 'test/buffers.js', 384, 420 ]
354 silly gunzTarPerm extractEntry test/errors.js
355 silly gunzTarPerm modified mode [ 'test/errors.js', 384, 420 ]
356 silly gunzTarPerm extractEntry test/heartbeats.js
357 silly gunzTarPerm modified mode [ 'test/heartbeats.js', 384, 420 ]
358 silly gunzTarPerm extractEntry test/invocation.js
359 silly gunzTarPerm modified mode [ 'test/invocation.js', 384, 420 ]
360 silly gunzTarPerm extractEntry test/repro-10.js
361 silly gunzTarPerm modified mode [ 'test/repro-10.js', 384, 420 ]
362 silly gunzTarPerm extractEntry test/streams.js
363 silly gunzTarPerm modified mode [ 'test/streams.js', 384, 420 ]
364 silly gunzTarPerm extractEntry test/timeouts.js
365 silly gunzTarPerm modified mode [ 'test/timeouts.js', 436, 420 ]
366 silly gunzTarPerm extractEntry test/lib/testutil.js
367 silly gunzTarPerm modified mode [ 'test/lib/testutil.js', 384, 420 ]
368 silly mapToRegistry name canvas
369 silly mapToRegistry using default registry
370 silly mapToRegistry registry https://registry.npmjs.org/
371 silly mapToRegistry data Result {
371 silly mapToRegistry   raw: 'canvas',
371 silly mapToRegistry   scope: null,
371 silly mapToRegistry   name: 'canvas',
371 silly mapToRegistry   rawSpec: '',
371 silly mapToRegistry   spec: 'latest',
371 silly mapToRegistry   type: 'tag' }
372 silly mapToRegistry uri https://registry.npmjs.org/canvas
373 verbose addRemoteTarball https://registry.npmjs.org/canvas/-/canvas-1.6.5.tgz not in flight; adding
374 verbose addRemoteTarball [ 'https://registry.npmjs.org/canvas/-/canvas-1.6.5.tgz',
374 verbose addRemoteTarball   '557f9988f5d2c95fdc247c61a5ee43de52f6717c' ]
375 info retry fetch attempt 1 at 3:30:41 PM
376 info attempt registry request try #1 at 3:30:41 PM
377 http fetch GET https://registry.npmjs.org/canvas/-/canvas-1.6.5.tgz
378 silly gunzTarPerm extractEntry binding.cc
379 silly gunzTarPerm extractEntry examples/dealer_router.js
380 silly gunzTarPerm extractEntry examples/pub_sub.js
381 silly gunzTarPerm extractEntry examples/push_pull.js
382 silly gunzTarPerm extractEntry examples/rep_req.js
383 silly gunzTarPerm extractEntry examples/req_rep.js
384 silly gunzTarPerm extractEntry examples/router_dealer.js
385 silly gunzTarPerm extractEntry examples/rpc.js
386 silly gunzTarPerm extractEntry examples/devices/forwarder.js
387 silly gunzTarPerm extractEntry examples/devices/queue.js
388 silly gunzTarPerm extractEntry examples/devices/streamer.js
389 silly gunzTarPerm extractEntry examples/workers/producer.js
390 silly gunzTarPerm extractEntry examples/workers/worker.js
391 silly gunzTarPerm extractEntry History.md
392 silly gunzTarPerm extractEntry lib/index.js
393 silly gunzTarPerm extractEntry test/context.js
394 silly gunzTarPerm extractEntry test/socket.monitor.js
395 http fetch 200 https://registry.npmjs.org/node-notifier/-/node-notifier-5.1.2.tgz
396 silly gunzTarPerm extractEntry test/socket.pair.js
397 silly gunzTarPerm extractEntry test/socket.pub-sub.js
398 http fetch 200 https://registry.npmjs.org/canvas/-/canvas-1.6.5.tgz
399 silly gunzTarPerm extractEntry test/socket.messages.js
400 silly gunzTarPerm extractEntry test/exports.js
401 silly gunzTarPerm extractEntry test/socket.router.js
402 silly gunzTarPerm extractEntry test/socket.stream.js
403 silly gunzTarPerm extractEntry test/socket.unbind.js
404 silly gunzTarPerm extractEntry test/socket.xpub-xsub.js
405 silly gunzTarPerm extractEntry test/socket.js
406 silly gunzTarPerm extractEntry test/socket.zap.js
407 silly gunzTarPerm extractEntry test/socket.events.js
408 silly gunzTarPerm extractEntry test/zap.js
409 silly gunzTarPerm extractEntry test/socket.error-callback.js
410 silly gunzTarPerm extractEntry test/zmq_proxy.js
411 silly gunzTarPerm extractEntry test/zmq_proxy.xpub-xsub.js
412 silly gunzTarPerm extractEntry test/zmq_proxy.push-pull.js
413 silly gunzTarPerm extractEntry test/gc.js
414 silly gunzTarPerm extractEntry test/zmq_proxy.router-dealer.js
415 silly gunzTarPerm extractEntry test/socket.push-pull.js
416 silly gunzTarPerm extractEntry test/zmq_proxy.xrep-xreq.js
417 silly gunzTarPerm extractEntry test/socket.req-rep.js
418 silly gunzTarPerm extractEntry test/mocha.opts
419 silly gunzTarPerm extractEntry .editorconfig
420 silly gunzTarPerm extractEntry perf/local_lat.js
421 silly gunzTarPerm extractEntry perf/local_thr.js
422 silly gunzTarPerm extractEntry perf/remote_lat.js
423 silly gunzTarPerm extractEntry perf/remote_thr.js
424 silly gunzTarPerm extractEntry windows/include/zmq.h
425 silly gentlyRm /Users/andreasbergman/Documents/20162017Dataing/Bachelor/SLSE/node_modules/.staging/zerorpc-619f1cc9/node_modules is being purged
426 verbose gentlyRm don't care about contents; nuking /Users/andreasbergman/Documents/20162017Dataing/Bachelor/SLSE/node_modules/.staging/zerorpc-619f1cc9/node_modules
427 silly gunzTarPerm extractEntry windows/include/zmq_utils.h
428 silly gunzTarPerm extractEntry windows/lib/x64/libzmq-v100-mt-4_0_4.dll
429 silly fetchAndShaCheck shasum 557f9988f5d2c95fdc247c61a5ee43de52f6717c
430 verbose addTmpTarball /tmp/npm-970-6205add7/registry.npmjs.org/canvas/-/canvas-1.6.5.tgz not in flight; adding
431 verbose addTmpTarball already have metadata; skipping unpack for canvas@1.6.5
432 verbose correctMkdir /Users/andreasbergman/.npm correctMkdir not in flight; initializing
433 verbose unbuild node_modules/.staging/canvas-519123b6
434 silly gentlyRm /Users/andreasbergman/Documents/20162017Dataing/Bachelor/SLSE/node_modules/.staging/canvas-519123b6 is being purged from base /Users/andreasbergman/Documents/20162017Dataing/Bachelor/SLSE
435 verbose gentlyRm don't care about contents; nuking /Users/andreasbergman/Documents/20162017Dataing/Bachelor/SLSE/node_modules/.staging/canvas-519123b6
436 silly gunzTarPerm extractEntry windows/lib/x64/libzmq-v100-mt-4_0_4.lib
437 verbose tar unpack /Users/andreasbergman/.npm/canvas/1.6.5/package.tgz
438 verbose tar unpacking to /Users/andreasbergman/Documents/20162017Dataing/Bachelor/SLSE/node_modules/.staging/canvas-519123b6
439 silly gentlyRm /Users/andreasbergman/Documents/20162017Dataing/Bachelor/SLSE/node_modules/.staging/canvas-519123b6 is being purged
440 verbose gentlyRm don't care about contents; nuking /Users/andreasbergman/Documents/20162017Dataing/Bachelor/SLSE/node_modules/.staging/canvas-519123b6
441 silly gunzTarPerm modes [ '755', '644' ]
442 silly gunzTarPerm extractEntry package.json
443 silly gunzTarPerm extractEntry windows/lib/x86/libzmq-v100-mt-4_0_4.dll
444 silly gunzTarPerm extractEntry .npmignore
445 silly gunzTarPerm extractEntry index.js
446 silly gunzTarPerm extractEntry .travis.yml
447 silly gunzTarPerm extractEntry History.md
448 silly gunzTarPerm extractEntry Readme.md
449 silly gunzTarPerm extractEntry binding.gyp
450 silly gunzTarPerm extractEntry .github/ISSUE_TEMPLATE.md
451 silly gunzTarPerm extractEntry lib/bindings.js
452 silly gunzTarPerm extractEntry lib/canvas.js
453 silly gunzTarPerm extractEntry lib/context2d.js
454 silly gunzTarPerm extractEntry windows/lib/x86/libzmq-v100-mt-4_0_4.lib
455 silly gunzTarPerm extractEntry lib/image.js
456 silly gunzTarPerm extractEntry lib/jpegstream.js
457 silly gunzTarPerm extractEntry lib/pdfstream.js
458 silly gunzTarPerm extractEntry lib/pngstream.js
459 silly gunzTarPerm extractEntry src/Image.cc
460 silly gunzTarPerm extractEntry src/Canvas.cc
461 silly gunzTarPerm extractEntry src/CanvasGradient.cc
462 silly gunzTarPerm extractEntry src/CanvasGradient.h
463 silly gunzTarPerm extractEntry src/CanvasPattern.cc
464 silly gunzTarPerm extractEntry src/CanvasPattern.h
465 silly gunzTarPerm extractEntry src/CanvasRenderingContext2d.cc
466 silly gunzTarPerm extractEntry src/CanvasRenderingContext2d.h
467 silly gunzTarPerm extractEntry src/FontFace.cc
468 silly gunzTarPerm extractEntry src/FontFace.h
469 silly gunzTarPerm extractEntry src/Canvas.h
470 silly gunzTarPerm extractEntry src/Image.h
471 silly gunzTarPerm extractEntry src/ImageData.cc
472 silly gunzTarPerm extractEntry src/ImageData.h
473 silly gunzTarPerm extractEntry src/JPEGStream.h
474 silly gunzTarPerm extractEntry src/PNG.h
475 silly gunzTarPerm extractEntry src/Point.h
476 silly gunzTarPerm extractEntry src/closure.h
477 silly gunzTarPerm extractEntry src/color.cc
478 silly gunzTarPerm extractEntry src/color.h
479 silly gunzTarPerm extractEntry src/init.cc
480 silly gunzTarPerm extractEntry util/has_lib.sh
481 http 304 https://registry.npmjs.org/d3-cloud
482 verbose headers { date: 'Wed, 19 Apr 2017 13:30:41 GMT',
482 verbose headers   via: '1.1 varnish',
482 verbose headers   'cache-control': 'max-age=300',
482 verbose headers   etag: 'W/"58ed3264-3515"',
482 verbose headers   age: '0',
482 verbose headers   connection: 'keep-alive',
482 verbose headers   'x-served-by': 'cache-bma7031-BMA',
482 verbose headers   'x-cache': 'HIT',
482 verbose headers   'x-cache-hits': '1',
482 verbose headers   'x-timer': 'S1492608642.686136,VS0,VE144',
482 verbose headers   vary: 'Accept-Encoding' }
483 silly get cb [ 304,
483 silly get   { date: 'Wed, 19 Apr 2017 13:30:41 GMT',
483 silly get     via: '1.1 varnish',
483 silly get     'cache-control': 'max-age=300',
483 silly get     etag: 'W/"58ed3264-3515"',
483 silly get     age: '0',
483 silly get     connection: 'keep-alive',
483 silly get     'x-served-by': 'cache-bma7031-BMA',
483 silly get     'x-cache': 'HIT',
483 silly get     'x-cache-hits': '1',
483 silly get     'x-timer': 'S1492608642.686136,VS0,VE144',
483 silly get     vary: 'Accept-Encoding' } ]
484 verbose etag https://registry.npmjs.org/d3-cloud from cache
485 verbose get saving d3-cloud to /Users/andreasbergman/.npm/registry.npmjs.org/d3-cloud/.cache.json
486 verbose correctMkdir /Users/andreasbergman/.npm correctMkdir not in flight; initializing
487 silly mapToRegistry name d3-cloud
488 silly mapToRegistry using default registry
489 silly mapToRegistry registry https://registry.npmjs.org/
490 silly mapToRegistry data Result {
490 silly mapToRegistry   raw: 'd3-cloud',
490 silly mapToRegistry   scope: null,
490 silly mapToRegistry   name: 'd3-cloud',
490 silly mapToRegistry   rawSpec: '',
490 silly mapToRegistry   spec: 'latest',
490 silly mapToRegistry   type: 'tag' }
491 silly mapToRegistry uri https://registry.npmjs.org/d3-cloud
492 verbose addRemoteTarball https://registry.npmjs.org/d3-cloud/-/d3-cloud-1.2.4.tgz not in flight; adding
493 verbose addRemoteTarball [ 'https://registry.npmjs.org/d3-cloud/-/d3-cloud-1.2.4.tgz',
493 verbose addRemoteTarball   '3e169403adab74fdb0c867638d7f0bb8e6ae71ff' ]
494 info retry fetch attempt 1 at 3:30:41 PM
495 info attempt registry request try #1 at 3:30:41 PM
496 http fetch GET https://registry.npmjs.org/d3-cloud/-/d3-cloud-1.2.4.tgz
497 http fetch 200 https://registry.npmjs.org/d3-cloud/-/d3-cloud-1.2.4.tgz
498 silly fetchAndShaCheck shasum 3e169403adab74fdb0c867638d7f0bb8e6ae71ff
499 verbose addTmpTarball /tmp/npm-970-6205add7/registry.npmjs.org/d3-cloud/-/d3-cloud-1.2.4.tgz not in flight; adding
500 verbose addTmpTarball already have metadata; skipping unpack for d3-cloud@1.2.4
501 verbose correctMkdir /Users/andreasbergman/.npm correctMkdir not in flight; initializing
502 silly gentlyRm /Users/andreasbergman/Documents/20162017Dataing/Bachelor/SLSE/node_modules/.staging/canvas-519123b6/node_modules is being purged
503 verbose gentlyRm don't care about contents; nuking /Users/andreasbergman/Documents/20162017Dataing/Bachelor/SLSE/node_modules/.staging/canvas-519123b6/node_modules
504 verbose unbuild node_modules/.staging/d3-cloud-2491d13a
505 silly gentlyRm /Users/andreasbergman/Documents/20162017Dataing/Bachelor/SLSE/node_modules/.staging/d3-cloud-2491d13a is being purged from base /Users/andreasbergman/Documents/20162017Dataing/Bachelor/SLSE
506 verbose gentlyRm don't care about contents; nuking /Users/andreasbergman/Documents/20162017Dataing/Bachelor/SLSE/node_modules/.staging/d3-cloud-2491d13a
507 verbose tar unpack /Users/andreasbergman/.npm/d3-cloud/1.2.4/package.tgz
508 verbose tar unpacking to /Users/andreasbergman/Documents/20162017Dataing/Bachelor/SLSE/node_modules/.staging/d3-cloud-2491d13a
509 silly gentlyRm /Users/andreasbergman/Documents/20162017Dataing/Bachelor/SLSE/node_modules/.staging/d3-cloud-2491d13a is being purged
510 verbose gentlyRm don't care about contents; nuking /Users/andreasbergman/Documents/20162017Dataing/Bachelor/SLSE/node_modules/.staging/d3-cloud-2491d13a
511 silly gunzTarPerm modes [ '755', '644' ]
512 silly gunzTarPerm extractEntry package.json
513 silly gunzTarPerm extractEntry .npmignore
514 silly gunzTarPerm extractEntry README.md
515 silly gentlyRm /Users/andreasbergman/Documents/20162017Dataing/Bachelor/SLSE/node_modules/.staging/zmq-65c877a3/node_modules is being purged
516 verbose gentlyRm don't care about contents; nuking /Users/andreasbergman/Documents/20162017Dataing/Bachelor/SLSE/node_modules/.staging/zmq-65c877a3/node_modules
517 silly gunzTarPerm extractEntry LICENSE
518 silly gunzTarPerm extractEntry index.js
519 silly gunzTarPerm extractEntry bower.json
520 silly gunzTarPerm extractEntry build/d3.layout.cloud.js
521 silly gunzTarPerm extractEntry examples/browserify.js
522 silly gunzTarPerm extractEntry examples/node.js
523 silly gentlyRm /Users/andreasbergman/Documents/20162017Dataing/Bachelor/SLSE/node_modules/.staging/d3-cloud-2491d13a/node_modules is being purged
524 verbose gentlyRm don't care about contents; nuking /Users/andreasbergman/Documents/20162017Dataing/Bachelor/SLSE/node_modules/.staging/d3-cloud-2491d13a/node_modules
525 silly fetchAndShaCheck shasum 2fa9e12605fa10009d44549d6fcd8a63dde0e4ff
526 verbose addTmpTarball /tmp/npm-970-6205add7/registry.npmjs.org/node-notifier/-/node-notifier-5.1.2.tgz not in flight; adding
527 verbose addTmpTarball already have metadata; skipping unpack for node-notifier@5.1.2
528 verbose correctMkdir /Users/andreasbergman/.npm correctMkdir not in flight; initializing
529 verbose unbuild node_modules/.staging/node-notifier-1144b774
530 silly gentlyRm /Users/andreasbergman/Documents/20162017Dataing/Bachelor/SLSE/node_modules/.staging/node-notifier-1144b774 is being purged from base /Users/andreasbergman/Documents/20162017Dataing/Bachelor/SLSE
531 verbose gentlyRm don't care about contents; nuking /Users/andreasbergman/Documents/20162017Dataing/Bachelor/SLSE/node_modules/.staging/node-notifier-1144b774
532 verbose tar unpack /Users/andreasbergman/.npm/node-notifier/5.1.2/package.tgz
533 verbose tar unpacking to /Users/andreasbergman/Documents/20162017Dataing/Bachelor/SLSE/node_modules/.staging/node-notifier-1144b774
534 silly gentlyRm /Users/andreasbergman/Documents/20162017Dataing/Bachelor/SLSE/node_modules/.staging/node-notifier-1144b774 is being purged
535 verbose gentlyRm don't care about contents; nuking /Users/andreasbergman/Documents/20162017Dataing/Bachelor/SLSE/node_modules/.staging/node-notifier-1144b774
536 silly gunzTarPerm modes [ '755', '644' ]
537 silly gunzTarPerm extractEntry package.json
538 silly gunzTarPerm extractEntry .npmignore
539 silly gunzTarPerm extractEntry README.md
540 silly gunzTarPerm extractEntry index.js
541 silly gunzTarPerm extractEntry lib/checkGrowl.js
542 silly gunzTarPerm extractEntry lib/utils.js
543 silly gunzTarPerm extractEntry notifiers/balloon.js
544 silly gunzTarPerm extractEntry notifiers/growl.js
545 silly gunzTarPerm extractEntry notifiers/notificationcenter.js
546 silly gunzTarPerm extractEntry notifiers/notifysend.js
547 silly gunzTarPerm extractEntry notifiers/toaster.js
548 silly gunzTarPerm extractEntry CHANGELOG.md
549 silly gunzTarPerm extractEntry vendor/notifu/notifu.exe
550 silly gunzTarPerm extractEntry vendor/notifu/notifu64.exe
551 silly gunzTarPerm extractEntry vendor/snoreToast/SnoreToast.exe
552 silly gunzTarPerm extractEntry vendor/terminal-notifier.app/Contents/Info.plist
553 silly gunzTarPerm extractEntry vendor/terminal-notifier.app/Contents/MacOS/terminal-notifier
554 silly gunzTarPerm extractEntry vendor/terminal-notifier.app/Contents/PkgInfo
555 silly gunzTarPerm extractEntry vendor/terminal-notifier.app/Contents/Resources/Terminal.icns
556 silly gunzTarPerm extractEntry vendor/terminal-notifier.app/Contents/Resources/en.lproj/Credits.rtf
557 silly gunzTarPerm extractEntry vendor/terminal-notifier.app/Contents/Resources/en.lproj/InfoPlist.strings
558 silly gunzTarPerm extractEntry vendor/terminal-notifier.app/Contents/Resources/en.lproj/MainMenu.nib
559 silly gentlyRm /Users/andreasbergman/Documents/20162017Dataing/Bachelor/SLSE/node_modules/.staging/node-notifier-1144b774/node_modules is being purged
560 verbose gentlyRm don't care about contents; nuking /Users/andreasbergman/Documents/20162017Dataing/Bachelor/SLSE/node_modules/.staging/node-notifier-1144b774/node_modules
561 silly doParallel preinstall 5
562 silly preinstall node-notifier@5.1.2 /Users/andreasbergman/Documents/20162017Dataing/Bachelor/SLSE/node_modules/.staging/node-notifier-1144b774
563 info lifecycle node-notifier@5.1.2~preinstall: node-notifier@5.1.2
564 silly preinstall zmq@2.15.3 /Users/andreasbergman/Documents/20162017Dataing/Bachelor/SLSE/node_modules/.staging/zmq-65c877a3
565 info lifecycle zmq@2.15.3~preinstall: zmq@2.15.3
566 silly preinstall canvas@1.6.5 /Users/andreasbergman/Documents/20162017Dataing/Bachelor/SLSE/node_modules/.staging/canvas-519123b6
567 info lifecycle canvas@1.6.5~preinstall: canvas@1.6.5
568 silly preinstall d3-cloud@1.2.4 /Users/andreasbergman/Documents/20162017Dataing/Bachelor/SLSE/node_modules/.staging/d3-cloud-2491d13a
569 info lifecycle d3-cloud@1.2.4~preinstall: d3-cloud@1.2.4
570 silly preinstall zerorpc@0.9.7 /Users/andreasbergman/Documents/20162017Dataing/Bachelor/SLSE/node_modules/.staging/zerorpc-619f1cc9
571 info lifecycle zerorpc@0.9.7~preinstall: zerorpc@0.9.7
572 silly lifecycle node-notifier@5.1.2~preinstall: no script for preinstall, continuing
573 silly lifecycle zmq@2.15.3~preinstall: no script for preinstall, continuing
574 silly lifecycle canvas@1.6.5~preinstall: no script for preinstall, continuing
575 silly lifecycle d3-cloud@1.2.4~preinstall: no script for preinstall, continuing
576 silly lifecycle zerorpc@0.9.7~preinstall: no script for preinstall, continuing
577 silly doReverseSerial remove 0
578 silly doSerial move 0
579 silly doSerial finalize 5
580 silly finalize /Users/andreasbergman/Documents/20162017Dataing/Bachelor/SLSE/node_modules/node-notifier
581 silly finalize /Users/andreasbergman/Documents/20162017Dataing/Bachelor/SLSE/node_modules/zmq
582 verbose unlock done using /Users/andreasbergman/.npm/_locks/staging-354815785b0033cd.lock for /Users/andreasbergman/Documents/20162017Dataing/Bachelor/SLSE/node_modules/.staging
583 silly rollbackFailedOptional Starting
584 silly rollbackFailedOptional Finishing
585 silly runTopLevelLifecycles Starting
586 silly runTopLevelLifecycles Finishing
587 silly install printInstalled
588 warn SLSE-server@1.0.0 No description
589 warn SLSE-server@1.0.0 No repository field.
590 warn SLSE-server@1.0.0 No license field.
591 verbose stack Error: ENOTEMPTY: directory not empty, rename '/Users/andreasbergman/Documents/20162017Dataing/Bachelor/SLSE/node_modules/zmq' -> '/Users/andreasbergman/Documents/20162017Dataing/Bachelor/SLSE/node_modules/.zmq.DELETE'
591 verbose stack     at moveAway (/usr/local/lib/node_modules/npm/lib/install/action/finalize.js:38:5)
591 verbose stack     at destStatted (/usr/local/lib/node_modules/npm/lib/install/action/finalize.js:27:7)
591 verbose stack     at FSReqWrap.oncomplete (fs.js:82:15)
591 verbose stack
591 verbose stack Error: ENOTEMPTY: directory not empty, rename '/Users/andreasbergman/Documents/20162017Dataing/Bachelor/SLSE/node_modules/zmq' -> '/Users/andreasbergman/Documents/20162017Dataing/Bachelor/SLSE/node_modules/.zmq.DELETE'
591 verbose stack     at Error (native)
592 verbose cwd /Users/andreasbergman/Documents/20162017Dataing/Bachelor/SLSE
593 error Darwin 15.6.0
594 error argv "/usr/local/bin/node" "/usr/local/bin/npm" "install" "zerorpc"
595 error node v5.10.1
596 error npm  v3.8.3
597 error path /Users/andreasbergman/Documents/20162017Dataing/Bachelor/SLSE/node_modules/zmq
598 error code ENOTEMPTY
599 error errno -66
600 error syscall rename
601 error ENOTEMPTY: directory not empty, rename '/Users/andreasbergman/Documents/20162017Dataing/Bachelor/SLSE/node_modules/zmq' -> '/Users/andreasbergman/Documents/20162017Dataing/Bachelor/SLSE/node_modules/.zmq.DELETE'
602 error If you need help, you may report this error at:
602 error     <https://github.com/npm/npm/issues>
603 verbose exit [ -66, true ]
